CRITICAL - 2023-06-09 19:15:02 --> Class App\Controllers\PersonasController cannot extend interface CodeIgniter\HTTP\RequestInterface
in APPPATH\Controllers\PersonasController.php on line 8.
 1 [internal function]: CodeIgniter\Debug\Exceptions->shutdownHandler()
ERROR - 2023-06-09 19:16:01 --> Error connecting to the database: mysqli_sql_exception: No se puede establecer una conexión ya que el equipo de destino denegó expresamente dicha conexión in D:\xammp\htdocs\ApiRestCodeigniter4\system\Database\MySQLi\Connection.php:173
Stack trace:
#0 D:\xammp\htdocs\ApiRestCodeigniter4\system\Database\MySQLi\Connection.php(173): mysqli->real_connect('localhost', 'root', Object(SensitiveParameterValue), 'apirestcodeigin...', 3306, '', 0)
#1 D:\xammp\htdocs\ApiRestCodeigniter4\system\Database\BaseConnection.php(391): CodeIgniter\Database\MySQLi\Connection->connect(false)
#2 D:\xammp\htdocs\ApiRestCodeigniter4\system\Database\BaseConnection.php(574): CodeIgniter\Database\BaseConnection->initialize()
#3 D:\xammp\htdocs\ApiRestCodeigniter4\system\Database\BaseBuilder.php(1616): CodeIgniter\Database\BaseConnection->query('SELECT *\nFROM `...', Array, false)
#4 D:\xammp\htdocs\ApiRestCodeigniter4\system\Model.php(241): CodeIgniter\Database\BaseBuilder->get()
#5 D:\xammp\htdocs\ApiRestCodeigniter4\system\BaseModel.php(618): CodeIgniter\Model->doFindAll(0, 0)
#6 D:\xammp\htdocs\ApiRestCodeigniter4\app\Controllers\PersonasController.php(14): CodeIgniter\BaseModel->findAll()
#7 D:\xammp\htdocs\ApiRestCodeigniter4\system\CodeIgniter.php(934): App\Controllers\PersonasController->index()
#8 D:\xammp\htdocs\ApiRestCodeigniter4\system\CodeIgniter.php(499): CodeIgniter\CodeIgniter->runController(Object(App\Controllers\PersonasController))
#9 D:\xammp\htdocs\ApiRestCodeigniter4\system\CodeIgniter.php(368): CodeIgniter\CodeIgniter->handleRequest(NULL, Object(Config\Cache), false)
#10 D:\xammp\htdocs\ApiRestCodeigniter4\public\index.php(67): CodeIgniter\CodeIgniter->run()
#11 D:\xammp\htdocs\ApiRestCodeigniter4\system\Commands\Server\rewrite.php(47): require_once('D:\\xammp\\htdocs...')
#12 {main}

Next CodeIgniter\Database\Exceptions\DatabaseException: No se puede establecer una conexión ya que el equipo de destino denegó expresamente dicha conexión in D:\xammp\htdocs\ApiRestCodeigniter4\system\Database\MySQLi\Connection.php:218
Stack trace:
#0 D:\xammp\htdocs\ApiRestCodeigniter4\system\Database\BaseConnection.php(391): CodeIgniter\Database\MySQLi\Connection->connect(false)
#1 D:\xammp\htdocs\ApiRestCodeigniter4\system\Database\BaseConnection.php(574): CodeIgniter\Database\BaseConnection->initialize()
#2 D:\xammp\htdocs\ApiRestCodeigniter4\system\Database\BaseBuilder.php(1616): CodeIgniter\Database\BaseConnection->query('SELECT *\nFROM `...', Array, false)
#3 D:\xammp\htdocs\ApiRestCodeigniter4\system\Model.php(241): CodeIgniter\Database\BaseBuilder->get()
#4 D:\xammp\htdocs\ApiRestCodeigniter4\system\BaseModel.php(618): CodeIgniter\Model->doFindAll(0, 0)
#5 D:\xammp\htdocs\ApiRestCodeigniter4\app\Controllers\PersonasController.php(14): CodeIgniter\BaseModel->findAll()
#6 D:\xammp\htdocs\ApiRestCodeigniter4\system\CodeIgniter.php(934): App\Controllers\PersonasController->index()
#7 D:\xammp\htdocs\ApiRestCodeigniter4\system\CodeIgniter.php(499): CodeIgniter\CodeIgniter->runController(Object(App\Controllers\PersonasController))
#8 D:\xammp\htdocs\ApiRestCodeigniter4\system\CodeIgniter.php(368): CodeIgniter\CodeIgniter->handleRequest(NULL, Object(Config\Cache), false)
#9 D:\xammp\htdocs\ApiRestCodeigniter4\public\index.php(67): CodeIgniter\CodeIgniter->run()
#10 D:\xammp\htdocs\ApiRestCodeigniter4\system\Commands\Server\rewrite.php(47): require_once('D:\\xammp\\htdocs...')
#11 {main}
CRITICAL - 2023-06-09 19:16:01 --> Unable to connect to the database.
Main connection [MySQLi]: No se puede establecer una conexión ya que el equipo de destino denegó expresamente dicha conexión
in SYSTEMPATH\Database\BaseConnection.php on line 427.
 1 SYSTEMPATH\Database\BaseConnection.php(574): CodeIgniter\Database\BaseConnection->initialize()
 2 SYSTEMPATH\Database\BaseBuilder.php(1616): CodeIgniter\Database\BaseConnection->query('SELECT *
FROM `personas`', [], false)
 3 SYSTEMPATH\Model.php(241): CodeIgniter\Database\BaseBuilder->get()
 4 SYSTEMPATH\BaseModel.php(618): CodeIgniter\Model->doFindAll(0, 0)
 5 APPPATH\Controllers\PersonasController.php(14): CodeIgniter\BaseModel->findAll()
 6 SYSTEMPATH\CodeIgniter.php(934): App\Controllers\PersonasController->index()
 7 SYSTEMPATH\CodeIgniter.php(499): CodeIgniter\CodeIgniter->runController(Object(App\Controllers\PersonasController))
 8 SYSTEMPATH\CodeIgniter.php(368): CodeIgniter\CodeIgniter->handleRequest(null, Object(Config\Cache), false)
 9 FCPATH\index.php(67): CodeIgniter\CodeIgniter->run()
10 SYSTEMPATH\Commands\Server\rewrite.php(47): require_once('D:\\xammp\\htdocs\\ApiRestCodeigniter4\\public\\index.php')
ERROR - 2023-06-09 19:27:23 --> mysqli_sql_exception: You have an error in your SQL syntax; check the manual that corresponds to your MariaDB server version for the right syntax to use near ':1:' at line 3 in D:\xammp\htdocs\ApiRestCodeigniter4\system\Database\MySQLi\Connection.php:295
Stack trace:
#0 D:\xammp\htdocs\ApiRestCodeigniter4\system\Database\MySQLi\Connection.php(295): mysqli->query('SELECT *\nFROM `...', 0)
#1 D:\xammp\htdocs\ApiRestCodeigniter4\system\Database\BaseConnection.php(692): CodeIgniter\Database\MySQLi\Connection->execute('SELECT *\nFROM `...')
#2 D:\xammp\htdocs\ApiRestCodeigniter4\system\Database\BaseConnection.php(606): CodeIgniter\Database\BaseConnection->simpleQuery('SELECT *\nFROM `...')
#3 D:\xammp\htdocs\ApiRestCodeigniter4\system\Database\BaseBuilder.php(1749): CodeIgniter\Database\BaseConnection->query('SELECT *\nFROM `...', Array, false)
#4 D:\xammp\htdocs\ApiRestCodeigniter4\system\Model.php(840): CodeIgniter\Database\BaseBuilder->getWhere(Array)
#5 D:\xammp\htdocs\ApiRestCodeigniter4\app\Controllers\PersonasController.php(21): CodeIgniter\Model->__call('getWhere', Array)
#6 D:\xammp\htdocs\ApiRestCodeigniter4\system\CodeIgniter.php(934): App\Controllers\PersonasController->indexXid('1')
#7 D:\xammp\htdocs\ApiRestCodeigniter4\system\CodeIgniter.php(499): CodeIgniter\CodeIgniter->runController(Object(App\Controllers\PersonasController))
#8 D:\xammp\htdocs\ApiRestCodeigniter4\system\CodeIgniter.php(368): CodeIgniter\CodeIgniter->handleRequest(NULL, Object(Config\Cache), false)
#9 D:\xammp\htdocs\ApiRestCodeigniter4\public\index.php(67): CodeIgniter\CodeIgniter->run()
#10 D:\xammp\htdocs\ApiRestCodeigniter4\system\Commands\Server\rewrite.php(47): require_once('D:\\xammp\\htdocs...')
#11 {main}
CRITICAL - 2023-06-09 19:27:23 --> You have an error in your SQL syntax; check the manual that corresponds to your MariaDB server version for the right syntax to use near ':1:' at line 3
in SYSTEMPATH\Database\MySQLi\Connection.php on line 295.
 1 SYSTEMPATH\Database\MySQLi\Connection.php(295): mysqli->query('SELECT *
FROM `personas`
WHERE 1 = :1:', 0)
 2 SYSTEMPATH\Database\BaseConnection.php(692): CodeIgniter\Database\MySQLi\Connection->execute('SELECT *
FROM `personas`
WHERE 1 = :1:')
 3 SYSTEMPATH\Database\BaseConnection.php(606): CodeIgniter\Database\BaseConnection->simpleQuery('SELECT *
FROM `personas`
WHERE 1 = :1:')
 4 SYSTEMPATH\Database\BaseBuilder.php(1749): CodeIgniter\Database\BaseConnection->query('SELECT *
FROM `personas`
WHERE 1 = :1:', [...], false)
 5 SYSTEMPATH\Model.php(840): CodeIgniter\Database\BaseBuilder->getWhere([...])
 6 APPPATH\Controllers\PersonasController.php(21): CodeIgniter\Model->__call('getWhere', [...])
 7 SYSTEMPATH\CodeIgniter.php(934): App\Controllers\PersonasController->indexXid('1')
 8 SYSTEMPATH\CodeIgniter.php(499): CodeIgniter\CodeIgniter->runController(Object(App\Controllers\PersonasController))
 9 SYSTEMPATH\CodeIgniter.php(368): CodeIgniter\CodeIgniter->handleRequest(null, Object(Config\Cache), false)
10 FCPATH\index.php(67): CodeIgniter\CodeIgniter->run()
11 SYSTEMPATH\Commands\Server\rewrite.php(47): require_once('D:\\xammp\\htdocs\\ApiRestCodeigniter4\\public\\index.php')
ERROR - 2023-06-09 19:27:35 --> mysqli_sql_exception: You have an error in your SQL syntax; check the manual that corresponds to your MariaDB server version for the right syntax to use near ':2:' at line 3 in D:\xammp\htdocs\ApiRestCodeigniter4\system\Database\MySQLi\Connection.php:295
Stack trace:
#0 D:\xammp\htdocs\ApiRestCodeigniter4\system\Database\MySQLi\Connection.php(295): mysqli->query('SELECT *\nFROM `...', 0)
#1 D:\xammp\htdocs\ApiRestCodeigniter4\system\Database\BaseConnection.php(692): CodeIgniter\Database\MySQLi\Connection->execute('SELECT *\nFROM `...')
#2 D:\xammp\htdocs\ApiRestCodeigniter4\system\Database\BaseConnection.php(606): CodeIgniter\Database\BaseConnection->simpleQuery('SELECT *\nFROM `...')
#3 D:\xammp\htdocs\ApiRestCodeigniter4\system\Database\BaseBuilder.php(1749): CodeIgniter\Database\BaseConnection->query('SELECT *\nFROM `...', Array, false)
#4 D:\xammp\htdocs\ApiRestCodeigniter4\system\Model.php(840): CodeIgniter\Database\BaseBuilder->getWhere(Array)
#5 D:\xammp\htdocs\ApiRestCodeigniter4\app\Controllers\PersonasController.php(21): CodeIgniter\Model->__call('getWhere', Array)
#6 D:\xammp\htdocs\ApiRestCodeigniter4\system\CodeIgniter.php(934): App\Controllers\PersonasController->indexXid('2')
#7 D:\xammp\htdocs\ApiRestCodeigniter4\system\CodeIgniter.php(499): CodeIgniter\CodeIgniter->runController(Object(App\Controllers\PersonasController))
#8 D:\xammp\htdocs\ApiRestCodeigniter4\system\CodeIgniter.php(368): CodeIgniter\CodeIgniter->handleRequest(NULL, Object(Config\Cache), false)
#9 D:\xammp\htdocs\ApiRestCodeigniter4\public\index.php(67): CodeIgniter\CodeIgniter->run()
#10 D:\xammp\htdocs\ApiRestCodeigniter4\system\Commands\Server\rewrite.php(47): require_once('D:\\xammp\\htdocs...')
#11 {main}
CRITICAL - 2023-06-09 19:27:35 --> You have an error in your SQL syntax; check the manual that corresponds to your MariaDB server version for the right syntax to use near ':2:' at line 3
in SYSTEMPATH\Database\MySQLi\Connection.php on line 295.
 1 SYSTEMPATH\Database\MySQLi\Connection.php(295): mysqli->query('SELECT *
FROM `personas`
WHERE 2 = :2:', 0)
 2 SYSTEMPATH\Database\BaseConnection.php(692): CodeIgniter\Database\MySQLi\Connection->execute('SELECT *
FROM `personas`
WHERE 2 = :2:')
 3 SYSTEMPATH\Database\BaseConnection.php(606): CodeIgniter\Database\BaseConnection->simpleQuery('SELECT *
FROM `personas`
WHERE 2 = :2:')
 4 SYSTEMPATH\Database\BaseBuilder.php(1749): CodeIgniter\Database\BaseConnection->query('SELECT *
FROM `personas`
WHERE 2 = :2:', [...], false)
 5 SYSTEMPATH\Model.php(840): CodeIgniter\Database\BaseBuilder->getWhere([...])
 6 APPPATH\Controllers\PersonasController.php(21): CodeIgniter\Model->__call('getWhere', [...])
 7 SYSTEMPATH\CodeIgniter.php(934): App\Controllers\PersonasController->indexXid('2')
 8 SYSTEMPATH\CodeIgniter.php(499): CodeIgniter\CodeIgniter->runController(Object(App\Controllers\PersonasController))
 9 SYSTEMPATH\CodeIgniter.php(368): CodeIgniter\CodeIgniter->handleRequest(null, Object(Config\Cache), false)
10 FCPATH\index.php(67): CodeIgniter\CodeIgniter->run()
11 SYSTEMPATH\Commands\Server\rewrite.php(47): require_once('D:\\xammp\\htdocs\\ApiRestCodeigniter4\\public\\index.php')
ERROR - 2023-06-09 19:29:25 --> mysqli_sql_exception: You have an error in your SQL syntax; check the manual that corresponds to your MariaDB server version for the right syntax to use near ':2:' at line 3 in D:\xammp\htdocs\ApiRestCodeigniter4\system\Database\MySQLi\Connection.php:295
Stack trace:
#0 D:\xammp\htdocs\ApiRestCodeigniter4\system\Database\MySQLi\Connection.php(295): mysqli->query('SELECT *\nFROM `...', 0)
#1 D:\xammp\htdocs\ApiRestCodeigniter4\system\Database\BaseConnection.php(692): CodeIgniter\Database\MySQLi\Connection->execute('SELECT *\nFROM `...')
#2 D:\xammp\htdocs\ApiRestCodeigniter4\system\Database\BaseConnection.php(606): CodeIgniter\Database\BaseConnection->simpleQuery('SELECT *\nFROM `...')
#3 D:\xammp\htdocs\ApiRestCodeigniter4\system\Database\BaseBuilder.php(1749): CodeIgniter\Database\BaseConnection->query('SELECT *\nFROM `...', Array, false)
#4 D:\xammp\htdocs\ApiRestCodeigniter4\system\Model.php(840): CodeIgniter\Database\BaseBuilder->getWhere(Array)
#5 D:\xammp\htdocs\ApiRestCodeigniter4\app\Controllers\PersonasController.php(21): CodeIgniter\Model->__call('getWhere', Array)
#6 D:\xammp\htdocs\ApiRestCodeigniter4\system\CodeIgniter.php(934): App\Controllers\PersonasController->indexXid('2')
#7 D:\xammp\htdocs\ApiRestCodeigniter4\system\CodeIgniter.php(499): CodeIgniter\CodeIgniter->runController(Object(App\Controllers\PersonasController))
#8 D:\xammp\htdocs\ApiRestCodeigniter4\system\CodeIgniter.php(368): CodeIgniter\CodeIgniter->handleRequest(NULL, Object(Config\Cache), false)
#9 D:\xammp\htdocs\ApiRestCodeigniter4\public\index.php(67): CodeIgniter\CodeIgniter->run()
#10 D:\xammp\htdocs\ApiRestCodeigniter4\system\Commands\Server\rewrite.php(47): require_once('D:\\xammp\\htdocs...')
#11 {main}
CRITICAL - 2023-06-09 19:29:25 --> You have an error in your SQL syntax; check the manual that corresponds to your MariaDB server version for the right syntax to use near ':2:' at line 3
in SYSTEMPATH\Database\MySQLi\Connection.php on line 295.
 1 SYSTEMPATH\Database\MySQLi\Connection.php(295): mysqli->query('SELECT *
FROM `personas`
WHERE 2 = :2:', 0)
 2 SYSTEMPATH\Database\BaseConnection.php(692): CodeIgniter\Database\MySQLi\Connection->execute('SELECT *
FROM `personas`
WHERE 2 = :2:')
 3 SYSTEMPATH\Database\BaseConnection.php(606): CodeIgniter\Database\BaseConnection->simpleQuery('SELECT *
FROM `personas`
WHERE 2 = :2:')
 4 SYSTEMPATH\Database\BaseBuilder.php(1749): CodeIgniter\Database\BaseConnection->query('SELECT *
FROM `personas`
WHERE 2 = :2:', [...], false)
 5 SYSTEMPATH\Model.php(840): CodeIgniter\Database\BaseBuilder->getWhere([...])
 6 APPPATH\Controllers\PersonasController.php(21): CodeIgniter\Model->__call('getWhere', [...])
 7 SYSTEMPATH\CodeIgniter.php(934): App\Controllers\PersonasController->indexXid('2')
 8 SYSTEMPATH\CodeIgniter.php(499): CodeIgniter\CodeIgniter->runController(Object(App\Controllers\PersonasController))
 9 SYSTEMPATH\CodeIgniter.php(368): CodeIgniter\CodeIgniter->handleRequest(null, Object(Config\Cache), false)
10 FCPATH\index.php(67): CodeIgniter\CodeIgniter->run()
11 SYSTEMPATH\Commands\Server\rewrite.php(47): require_once('D:\\xammp\\htdocs\\ApiRestCodeigniter4\\public\\index.php')
ERROR - 2023-06-09 19:29:34 --> mysqli_sql_exception: You have an error in your SQL syntax; check the manual that corresponds to your MariaDB server version for the right syntax to use near ':1:' at line 3 in D:\xammp\htdocs\ApiRestCodeigniter4\system\Database\MySQLi\Connection.php:295
Stack trace:
#0 D:\xammp\htdocs\ApiRestCodeigniter4\system\Database\MySQLi\Connection.php(295): mysqli->query('SELECT *\nFROM `...', 0)
#1 D:\xammp\htdocs\ApiRestCodeigniter4\system\Database\BaseConnection.php(692): CodeIgniter\Database\MySQLi\Connection->execute('SELECT *\nFROM `...')
#2 D:\xammp\htdocs\ApiRestCodeigniter4\system\Database\BaseConnection.php(606): CodeIgniter\Database\BaseConnection->simpleQuery('SELECT *\nFROM `...')
#3 D:\xammp\htdocs\ApiRestCodeigniter4\system\Database\BaseBuilder.php(1749): CodeIgniter\Database\BaseConnection->query('SELECT *\nFROM `...', Array, false)
#4 D:\xammp\htdocs\ApiRestCodeigniter4\system\Model.php(840): CodeIgniter\Database\BaseBuilder->getWhere(Array)
#5 D:\xammp\htdocs\ApiRestCodeigniter4\app\Controllers\PersonasController.php(21): CodeIgniter\Model->__call('getWhere', Array)
#6 D:\xammp\htdocs\ApiRestCodeigniter4\system\CodeIgniter.php(934): App\Controllers\PersonasController->indexXid('1')
#7 D:\xammp\htdocs\ApiRestCodeigniter4\system\CodeIgniter.php(499): CodeIgniter\CodeIgniter->runController(Object(App\Controllers\PersonasController))
#8 D:\xammp\htdocs\ApiRestCodeigniter4\system\CodeIgniter.php(368): CodeIgniter\CodeIgniter->handleRequest(NULL, Object(Config\Cache), false)
#9 D:\xammp\htdocs\ApiRestCodeigniter4\public\index.php(67): CodeIgniter\CodeIgniter->run()
#10 D:\xammp\htdocs\ApiRestCodeigniter4\system\Commands\Server\rewrite.php(47): require_once('D:\\xammp\\htdocs...')
#11 {main}
CRITICAL - 2023-06-09 19:29:34 --> You have an error in your SQL syntax; check the manual that corresponds to your MariaDB server version for the right syntax to use near ':1:' at line 3
in SYSTEMPATH\Database\MySQLi\Connection.php on line 295.
 1 SYSTEMPATH\Database\MySQLi\Connection.php(295): mysqli->query('SELECT *
FROM `personas`
WHERE 1 = :1:', 0)
 2 SYSTEMPATH\Database\BaseConnection.php(692): CodeIgniter\Database\MySQLi\Connection->execute('SELECT *
FROM `personas`
WHERE 1 = :1:')
 3 SYSTEMPATH\Database\BaseConnection.php(606): CodeIgniter\Database\BaseConnection->simpleQuery('SELECT *
FROM `personas`
WHERE 1 = :1:')
 4 SYSTEMPATH\Database\BaseBuilder.php(1749): CodeIgniter\Database\BaseConnection->query('SELECT *
FROM `personas`
WHERE 1 = :1:', [...], false)
 5 SYSTEMPATH\Model.php(840): CodeIgniter\Database\BaseBuilder->getWhere([...])
 6 APPPATH\Controllers\PersonasController.php(21): CodeIgniter\Model->__call('getWhere', [...])
 7 SYSTEMPATH\CodeIgniter.php(934): App\Controllers\PersonasController->indexXid('1')
 8 SYSTEMPATH\CodeIgniter.php(499): CodeIgniter\CodeIgniter->runController(Object(App\Controllers\PersonasController))
 9 SYSTEMPATH\CodeIgniter.php(368): CodeIgniter\CodeIgniter->handleRequest(null, Object(Config\Cache), false)
10 FCPATH\index.php(67): CodeIgniter\CodeIgniter->run()
11 SYSTEMPATH\Commands\Server\rewrite.php(47): require_once('D:\\xammp\\htdocs\\ApiRestCodeigniter4\\public\\index.php')
ERROR - 2023-06-09 19:30:22 --> mysqli_sql_exception: You have an error in your SQL syntax; check the manual that corresponds to your MariaDB server version for the right syntax to use near ':1:' at line 3 in D:\xammp\htdocs\ApiRestCodeigniter4\system\Database\MySQLi\Connection.php:295
Stack trace:
#0 D:\xammp\htdocs\ApiRestCodeigniter4\system\Database\MySQLi\Connection.php(295): mysqli->query('SELECT *\nFROM `...', 0)
#1 D:\xammp\htdocs\ApiRestCodeigniter4\system\Database\BaseConnection.php(692): CodeIgniter\Database\MySQLi\Connection->execute('SELECT *\nFROM `...')
#2 D:\xammp\htdocs\ApiRestCodeigniter4\system\Database\BaseConnection.php(606): CodeIgniter\Database\BaseConnection->simpleQuery('SELECT *\nFROM `...')
#3 D:\xammp\htdocs\ApiRestCodeigniter4\system\Database\BaseBuilder.php(1749): CodeIgniter\Database\BaseConnection->query('SELECT *\nFROM `...', Array, false)
#4 D:\xammp\htdocs\ApiRestCodeigniter4\system\Model.php(840): CodeIgniter\Database\BaseBuilder->getWhere(Array)
#5 D:\xammp\htdocs\ApiRestCodeigniter4\app\Controllers\PersonasController.php(21): CodeIgniter\Model->__call('getWhere', Array)
#6 D:\xammp\htdocs\ApiRestCodeigniter4\system\CodeIgniter.php(934): App\Controllers\PersonasController->indexXid('1')
#7 D:\xammp\htdocs\ApiRestCodeigniter4\system\CodeIgniter.php(499): CodeIgniter\CodeIgniter->runController(Object(App\Controllers\PersonasController))
#8 D:\xammp\htdocs\ApiRestCodeigniter4\system\CodeIgniter.php(368): CodeIgniter\CodeIgniter->handleRequest(NULL, Object(Config\Cache), false)
#9 D:\xammp\htdocs\ApiRestCodeigniter4\public\index.php(67): CodeIgniter\CodeIgniter->run()
#10 D:\xammp\htdocs\ApiRestCodeigniter4\system\Commands\Server\rewrite.php(47): require_once('D:\\xammp\\htdocs...')
#11 {main}
CRITICAL - 2023-06-09 19:30:23 --> You have an error in your SQL syntax; check the manual that corresponds to your MariaDB server version for the right syntax to use near ':1:' at line 3
in SYSTEMPATH\Database\MySQLi\Connection.php on line 295.
 1 SYSTEMPATH\Database\MySQLi\Connection.php(295): mysqli->query('SELECT *
FROM `personas`
WHERE 1 = :1:', 0)
 2 SYSTEMPATH\Database\BaseConnection.php(692): CodeIgniter\Database\MySQLi\Connection->execute('SELECT *
FROM `personas`
WHERE 1 = :1:')
 3 SYSTEMPATH\Database\BaseConnection.php(606): CodeIgniter\Database\BaseConnection->simpleQuery('SELECT *
FROM `personas`
WHERE 1 = :1:')
 4 SYSTEMPATH\Database\BaseBuilder.php(1749): CodeIgniter\Database\BaseConnection->query('SELECT *
FROM `personas`
WHERE 1 = :1:', [...], false)
 5 SYSTEMPATH\Model.php(840): CodeIgniter\Database\BaseBuilder->getWhere([...])
 6 APPPATH\Controllers\PersonasController.php(21): CodeIgniter\Model->__call('getWhere', [...])
 7 SYSTEMPATH\CodeIgniter.php(934): App\Controllers\PersonasController->indexXid('1')
 8 SYSTEMPATH\CodeIgniter.php(499): CodeIgniter\CodeIgniter->runController(Object(App\Controllers\PersonasController))
 9 SYSTEMPATH\CodeIgniter.php(368): CodeIgniter\CodeIgniter->handleRequest(null, Object(Config\Cache), false)
10 FCPATH\index.php(67): CodeIgniter\CodeIgniter->run()
11 SYSTEMPATH\Commands\Server\rewrite.php(47): require_once('D:\\xammp\\htdocs\\ApiRestCodeigniter4\\public\\index.php')
ERROR - 2023-06-09 19:30:48 --> mysqli_sql_exception: You have an error in your SQL syntax; check the manual that corresponds to your MariaDB server version for the right syntax to use near ':1:' at line 3 in D:\xammp\htdocs\ApiRestCodeigniter4\system\Database\MySQLi\Connection.php:295
Stack trace:
#0 D:\xammp\htdocs\ApiRestCodeigniter4\system\Database\MySQLi\Connection.php(295): mysqli->query('SELECT *\nFROM `...', 0)
#1 D:\xammp\htdocs\ApiRestCodeigniter4\system\Database\BaseConnection.php(692): CodeIgniter\Database\MySQLi\Connection->execute('SELECT *\nFROM `...')
#2 D:\xammp\htdocs\ApiRestCodeigniter4\system\Database\BaseConnection.php(606): CodeIgniter\Database\BaseConnection->simpleQuery('SELECT *\nFROM `...')
#3 D:\xammp\htdocs\ApiRestCodeigniter4\system\Database\BaseBuilder.php(1749): CodeIgniter\Database\BaseConnection->query('SELECT *\nFROM `...', Array, false)
#4 D:\xammp\htdocs\ApiRestCodeigniter4\system\Model.php(840): CodeIgniter\Database\BaseBuilder->getWhere(Array)
#5 D:\xammp\htdocs\ApiRestCodeigniter4\app\Controllers\PersonasController.php(21): CodeIgniter\Model->__call('getWhere', Array)
#6 D:\xammp\htdocs\ApiRestCodeigniter4\system\CodeIgniter.php(934): App\Controllers\PersonasController->indexXid('1')
#7 D:\xammp\htdocs\ApiRestCodeigniter4\system\CodeIgniter.php(499): CodeIgniter\CodeIgniter->runController(Object(App\Controllers\PersonasController))
#8 D:\xammp\htdocs\ApiRestCodeigniter4\system\CodeIgniter.php(368): CodeIgniter\CodeIgniter->handleRequest(NULL, Object(Config\Cache), false)
#9 D:\xammp\htdocs\ApiRestCodeigniter4\public\index.php(67): CodeIgniter\CodeIgniter->run()
#10 D:\xammp\htdocs\ApiRestCodeigniter4\system\Commands\Server\rewrite.php(47): require_once('D:\\xammp\\htdocs...')
#11 {main}
CRITICAL - 2023-06-09 19:30:48 --> You have an error in your SQL syntax; check the manual that corresponds to your MariaDB server version for the right syntax to use near ':1:' at line 3
in SYSTEMPATH\Database\MySQLi\Connection.php on line 295.
 1 SYSTEMPATH\Database\MySQLi\Connection.php(295): mysqli->query('SELECT *
FROM `personas`
WHERE 1 = :1:', 0)
 2 SYSTEMPATH\Database\BaseConnection.php(692): CodeIgniter\Database\MySQLi\Connection->execute('SELECT *
FROM `personas`
WHERE 1 = :1:')
 3 SYSTEMPATH\Database\BaseConnection.php(606): CodeIgniter\Database\BaseConnection->simpleQuery('SELECT *
FROM `personas`
WHERE 1 = :1:')
 4 SYSTEMPATH\Database\BaseBuilder.php(1749): CodeIgniter\Database\BaseConnection->query('SELECT *
FROM `personas`
WHERE 1 = :1:', [...], false)
 5 SYSTEMPATH\Model.php(840): CodeIgniter\Database\BaseBuilder->getWhere([...])
 6 APPPATH\Controllers\PersonasController.php(21): CodeIgniter\Model->__call('getWhere', [...])
 7 SYSTEMPATH\CodeIgniter.php(934): App\Controllers\PersonasController->indexXid('1')
 8 SYSTEMPATH\CodeIgniter.php(499): CodeIgniter\CodeIgniter->runController(Object(App\Controllers\PersonasController))
 9 SYSTEMPATH\CodeIgniter.php(368): CodeIgniter\CodeIgniter->handleRequest(null, Object(Config\Cache), false)
10 FCPATH\index.php(67): CodeIgniter\CodeIgniter->run()
11 SYSTEMPATH\Commands\Server\rewrite.php(47): require_once('D:\\xammp\\htdocs\\ApiRestCodeigniter4\\public\\index.php')
ERROR - 2023-06-09 19:33:20 --> mysqli_sql_exception: You have an error in your SQL syntax; check the manual that corresponds to your MariaDB server version for the right syntax to use near ':1:' at line 3 in D:\xammp\htdocs\ApiRestCodeigniter4\system\Database\MySQLi\Connection.php:295
Stack trace:
#0 D:\xammp\htdocs\ApiRestCodeigniter4\system\Database\MySQLi\Connection.php(295): mysqli->query('SELECT *\nFROM `...', 0)
#1 D:\xammp\htdocs\ApiRestCodeigniter4\system\Database\BaseConnection.php(692): CodeIgniter\Database\MySQLi\Connection->execute('SELECT *\nFROM `...')
#2 D:\xammp\htdocs\ApiRestCodeigniter4\system\Database\BaseConnection.php(606): CodeIgniter\Database\BaseConnection->simpleQuery('SELECT *\nFROM `...')
#3 D:\xammp\htdocs\ApiRestCodeigniter4\system\Database\BaseBuilder.php(1749): CodeIgniter\Database\BaseConnection->query('SELECT *\nFROM `...', Array, false)
#4 D:\xammp\htdocs\ApiRestCodeigniter4\system\Model.php(840): CodeIgniter\Database\BaseBuilder->getWhere(Array)
#5 D:\xammp\htdocs\ApiRestCodeigniter4\app\Controllers\PersonasController.php(21): CodeIgniter\Model->__call('getWhere', Array)
#6 D:\xammp\htdocs\ApiRestCodeigniter4\system\CodeIgniter.php(934): App\Controllers\PersonasController->indexXid('1')
#7 D:\xammp\htdocs\ApiRestCodeigniter4\system\CodeIgniter.php(499): CodeIgniter\CodeIgniter->runController(Object(App\Controllers\PersonasController))
#8 D:\xammp\htdocs\ApiRestCodeigniter4\system\CodeIgniter.php(368): CodeIgniter\CodeIgniter->handleRequest(NULL, Object(Config\Cache), false)
#9 D:\xammp\htdocs\ApiRestCodeigniter4\public\index.php(67): CodeIgniter\CodeIgniter->run()
#10 D:\xammp\htdocs\ApiRestCodeigniter4\system\Commands\Server\rewrite.php(47): require_once('D:\\xammp\\htdocs...')
#11 {main}
CRITICAL - 2023-06-09 19:33:20 --> You have an error in your SQL syntax; check the manual that corresponds to your MariaDB server version for the right syntax to use near ':1:' at line 3
in SYSTEMPATH\Database\MySQLi\Connection.php on line 295.
 1 SYSTEMPATH\Database\MySQLi\Connection.php(295): mysqli->query('SELECT *
FROM `personas`
WHERE 1 = :1:', 0)
 2 SYSTEMPATH\Database\BaseConnection.php(692): CodeIgniter\Database\MySQLi\Connection->execute('SELECT *
FROM `personas`
WHERE 1 = :1:')
 3 SYSTEMPATH\Database\BaseConnection.php(606): CodeIgniter\Database\BaseConnection->simpleQuery('SELECT *
FROM `personas`
WHERE 1 = :1:')
 4 SYSTEMPATH\Database\BaseBuilder.php(1749): CodeIgniter\Database\BaseConnection->query('SELECT *
FROM `personas`
WHERE 1 = :1:', [...], false)
 5 SYSTEMPATH\Model.php(840): CodeIgniter\Database\BaseBuilder->getWhere([...])
 6 APPPATH\Controllers\PersonasController.php(21): CodeIgniter\Model->__call('getWhere', [...])
 7 SYSTEMPATH\CodeIgniter.php(934): App\Controllers\PersonasController->indexXid('1')
 8 SYSTEMPATH\CodeIgniter.php(499): CodeIgniter\CodeIgniter->runController(Object(App\Controllers\PersonasController))
 9 SYSTEMPATH\CodeIgniter.php(368): CodeIgniter\CodeIgniter->handleRequest(null, Object(Config\Cache), false)
10 FCPATH\index.php(67): CodeIgniter\CodeIgniter->run()
11 SYSTEMPATH\Commands\Server\rewrite.php(47): require_once('D:\\xammp\\htdocs\\ApiRestCodeigniter4\\public\\index.php')
