CRITICAL - 2023-06-11 05:42:30 --> Undefined array key "nombre"
in APPPATH\Controllers\UsuariosController.php on line 40.
 1 APPPATH\Controllers\UsuariosController.php(40): CodeIgniter\Debug\Exceptions->errorHandler(2, 'Undefined array key "nombre"', 'D:\\xammp\\htdocs\\ApiRestCodeigniter4\\app\\Controllers\\UsuariosController.php', 40)
 2 SYSTEMPATH\CodeIgniter.php(934): App\Controllers\UsuariosController->insertUsuarios()
 3 SYSTEMPATH\CodeIgniter.php(499): CodeIgniter\CodeIgniter->runController(Object(App\Controllers\UsuariosController))
 4 SYSTEMPATH\CodeIgniter.php(368): CodeIgniter\CodeIgniter->handleRequest(null, Object(Config\Cache), false)
 5 FCPATH\index.php(67): CodeIgniter\CodeIgniter->run()
 6 SYSTEMPATH\Commands\Server\rewrite.php(47): require_once('D:\\xammp\\htdocs\\ApiRestCodeigniter4\\public\\index.php')
CRITICAL - 2023-06-11 05:42:47 --> Undefined array key "nombre"
in APPPATH\Controllers\UsuariosController.php on line 40.
 1 APPPATH\Controllers\UsuariosController.php(40): CodeIgniter\Debug\Exceptions->errorHandler(2, 'Undefined array key "nombre"', 'D:\\xammp\\htdocs\\ApiRestCodeigniter4\\app\\Controllers\\UsuariosController.php', 40)
 2 SYSTEMPATH\CodeIgniter.php(934): App\Controllers\UsuariosController->insertUsuarios()
 3 SYSTEMPATH\CodeIgniter.php(499): CodeIgniter\CodeIgniter->runController(Object(App\Controllers\UsuariosController))
 4 SYSTEMPATH\CodeIgniter.php(368): CodeIgniter\CodeIgniter->handleRequest(null, Object(Config\Cache), false)
 5 FCPATH\index.php(67): CodeIgniter\CodeIgniter->run()
 6 SYSTEMPATH\Commands\Server\rewrite.php(47): require_once('D:\\xammp\\htdocs\\ApiRestCodeigniter4\\public\\index.php')
CRITICAL - 2023-06-11 05:42:49 --> Undefined array key "nombre"
in APPPATH\Controllers\UsuariosController.php on line 40.
 1 APPPATH\Controllers\UsuariosController.php(40): CodeIgniter\Debug\Exceptions->errorHandler(2, 'Undefined array key "nombre"', 'D:\\xammp\\htdocs\\ApiRestCodeigniter4\\app\\Controllers\\UsuariosController.php', 40)
 2 SYSTEMPATH\CodeIgniter.php(934): App\Controllers\UsuariosController->insertUsuarios()
 3 SYSTEMPATH\CodeIgniter.php(499): CodeIgniter\CodeIgniter->runController(Object(App\Controllers\UsuariosController))
 4 SYSTEMPATH\CodeIgniter.php(368): CodeIgniter\CodeIgniter->handleRequest(null, Object(Config\Cache), false)
 5 FCPATH\index.php(67): CodeIgniter\CodeIgniter->run()
 6 SYSTEMPATH\Commands\Server\rewrite.php(47): require_once('D:\\xammp\\htdocs\\ApiRestCodeigniter4\\public\\index.php')
CRITICAL - 2023-06-11 05:42:56 --> Undefined array key "nombre"
in APPPATH\Controllers\UsuariosController.php on line 40.
 1 APPPATH\Controllers\UsuariosController.php(40): CodeIgniter\Debug\Exceptions->errorHandler(2, 'Undefined array key "nombre"', 'D:\\xammp\\htdocs\\ApiRestCodeigniter4\\app\\Controllers\\UsuariosController.php', 40)
 2 SYSTEMPATH\CodeIgniter.php(934): App\Controllers\UsuariosController->insertUsuarios()
 3 SYSTEMPATH\CodeIgniter.php(499): CodeIgniter\CodeIgniter->runController(Object(App\Controllers\UsuariosController))
 4 SYSTEMPATH\CodeIgniter.php(368): CodeIgniter\CodeIgniter->handleRequest(null, Object(Config\Cache), false)
 5 FCPATH\index.php(67): CodeIgniter\CodeIgniter->run()
 6 SYSTEMPATH\Commands\Server\rewrite.php(47): require_once('D:\\xammp\\htdocs\\ApiRestCodeigniter4\\public\\index.php')
